* using log directory '/Users/shuilan/Documents/GitHub/PoweREST/PoweREST.Rcheck'
* using R version 4.4.0 (2024-04-24)
* using platform: aarch64-apple-darwin20
* R was compiled by
    Apple clang version 14.0.0 (clang-1400.0.29.202)
    GNU Fortran (GCC) 12.2.0
* running under: macOS Sonoma 14.5
* using session charset: ASCII
* using options '--no-manual --no-vignettes'
* checking for file 'PoweREST/DESCRIPTION' ... OK
* this is package 'PoweREST' version '0.1.1'
* package encoding: UTF-8
* checking package namespace information ... OK
* checking package dependencies ... ERROR
Packages required but not available:
  'scam', 'Seurat', 'dplyr', 'plotly', 'resample', 'xgboost',
  'magrittr', 'rayshader', 'ggplot2'

Packages suggested but not available:
  'patchwork', 'knitr', 'rmarkdown', 'fields', 'rayrender', 'tidyr'

VignetteBuilder package required for checking but not installed: 'knitr'

The suggested packages are required for a complete check.
Checking can be attempted without them by setting the environment
variable _R_CHECK_FORCE_SUGGESTS_ to a false value.

See section 'The DESCRIPTION file' in the 'Writing R Extensions'
manual.
* DONE
Status: 1 ERROR
